<?xml version="1.0" encoding="UTF-8"?>
<!-- Generated by org.testng.reporters.JUnitXMLReporter -->
<testsuite ignored="0" hostname="MYDUYEN" failures="0" tests="3" name="Default test" time="0.261" errors="0" timestamp="2024-10-02T14:28:02 ICT">
  <testcase classname="failedPASS.CalculatorTest" name="testAddition" time="0.073"/>
  <testcase classname="failedPASS.CalculatorTest" name="testAdditionFail" time="0.003"/>
  <testcase classname="failedPASS.CalculatorTest" name="testSubtraction" time="0.003"/>
</testsuite> <!-- Default test -->
