<?xml version="1.0" encoding="UTF-8"?>
<testng-results ignored="0" total="3" passed="3" failed="0" skipped="0">
  <reporter-output>
  </reporter-output>
  <suite started-at="2024-10-02T14:28:02 ICT" name="Default suite" finished-at="2024-10-02T14:28:02 ICT" duration-ms="261">
    <groups>
    </groups>
    <test started-at="2024-10-02T14:28:02 ICT" name="Default test" finished-at="2024-10-02T14:28:02 ICT" duration-ms="261">
      <class name="failedPASS.CalculatorTest">
        <test-method signature="testAddition()[pri:0, instance:failedPASS.CalculatorTest@59546cfe]" started-at="2024-10-02T14:28:02 ICT" name="testAddition" finished-at="2024-10-02T14:28:02 ICT" duration-ms="73" status="PASS">
          <reporter-output>
          </reporter-output>
        </test-method> <!-- testAddition -->
        <test-method signature="testAdditionFail()[pri:0, instance:failedPASS.CalculatorTest@59546cfe]" started-at="2024-10-02T14:28:02 ICT" name="testAdditionFail" finished-at="2024-10-02T14:28:02 ICT" duration-ms="3" status="PASS">
          <reporter-output>
          </reporter-output>
        </test-method> <!-- testAdditionFail -->
        <test-method signature="testSubtraction()[pri:0, instance:failedPASS.CalculatorTest@59546cfe]" started-at="2024-10-02T14:28:02 ICT" name="testSubtraction" finished-at="2024-10-02T14:28:02 ICT" duration-ms="3" status="PASS">
          <reporter-output>
          </reporter-output>
        </test-method> <!-- testSubtraction -->
      </class> <!-- failedPASS.CalculatorTest -->
    </test> <!-- Default test -->
  </suite> <!-- Default suite -->
</testng-results>
